android/app/build/intermediates/manifest_merge_blame_file/release/manifest-merger-blame-release-report.txt
1<?xml version="1.0" encoding="utf-8"?>
2<manifest xmlns:android="http://schemas.android.com/apk/res/android"
3    package="com.emojiapp"
4    android:versionCode="4194305"
5    android:versionName="1.0" >
6
7    <uses-sdk
8        android:minSdkVersion="16"
8-->src\main\AndroidManifest.xml
9        android:targetSdkVersion="28" />
9-->src\main\AndroidManifest.xml
10
11    <uses-permission android:name="android.permission.INTERNET" />
11-->src\main\AndroidManifest.xml:4:5-67
11-->src\main\AndroidManifest.xml:4:22-64
12    <uses-permission android:name="android.permission.WAKE_LOCK" />
12-->[:react-native-firebase_auth] AndroidManifest.xml:12:5-68
12-->[:react-native-firebase_auth] AndroidManifest.xml:12:22-65
13    <uses-permission android:name="android.permission.ACCESS_NETWORK_STATE" /> <!-- Required by older versions of Google Play services to create IID tokens -->
13-->[:react-native-firebase_auth] AndroidManifest.xml:13:5-79
13-->[:react-native-firebase_auth] AndroidManifest.xml:13:22-76
14    <uses-permission android:name="com.google.android.c2dm.permission.RECEIVE" />
14-->[com.google.firebase:firebase-iid:19.0.0] AndroidManifest.xml:26:5-82
14-->[com.google.firebase:firebase-iid:19.0.0] AndroidManifest.xml:26:22-79
15    <uses-permission android:name="com.google.android.finsky.permission.BIND_GET_INSTALL_REFERRER_SERVICE" />
15-->[com.google.android.gms:play-services-measurement:17.2.1] AndroidManifest.xml:26:5-110
15-->[com.google.android.gms:play-services-measurement:17.2.1] AndroidManifest.xml:26:22-107
16
17    <application
17-->src\main\AndroidManifest.xml:6:5-25:19
18        android:name="com.emojiapp.MainApplication"
18-->src\main\AndroidManifest.xml:7:7-38
19        android:allowBackup="false"
19-->src\main\AndroidManifest.xml:11:7-34
20        android:appComponentFactory="androidx.core.app.CoreComponentFactory"
20-->[androidx.core:core:1.1.0] AndroidManifest.xml:24:18-86
21        android:icon="@mipmap/ic_launcher"
21-->src\main\AndroidManifest.xml:9:7-41
22        android:label="@string/app_name"
22-->src\main\AndroidManifest.xml:8:7-39
23        android:roundIcon="@mipmap/ic_launcher_round"
23-->src\main\AndroidManifest.xml:10:7-52
24        android:theme="@style/AppTheme" >
24-->src\main\AndroidManifest.xml:12:7-38
25        <activity
25-->src\main\AndroidManifest.xml:13:7-23:18
26            android:name="com.emojiapp.MainActivity"
26-->src\main\AndroidManifest.xml:14:9-37
27            android:configChanges="keyboard|keyboardHidden|orientation|screenSize|uiMode"
27-->src\main\AndroidManifest.xml:16:9-86
28            android:label="@string/app_name"
28-->src\main\AndroidManifest.xml:15:9-41
29            android:launchMode="singleTask"
29-->src\main\AndroidManifest.xml:17:9-40
30            android:windowSoftInputMode="adjustResize" >
30-->src\main\AndroidManifest.xml:18:9-51
31            <intent-filter>
31-->src\main\AndroidManifest.xml:19:9-22:25
32                <action android:name="android.intent.action.MAIN" />
32-->src\main\AndroidManifest.xml:20:13-65
32-->src\main\AndroidManifest.xml:20:21-62
33
34                <category android:name="android.intent.category.LAUNCHER" />
34-->src\main\AndroidManifest.xml:21:13-73
34-->src\main\AndroidManifest.xml:21:23-70
35            </intent-filter>
36        </activity>
37        <activity android:name="com.facebook.react.devsupport.DevSettingsActivity" />
37-->src\main\AndroidManifest.xml:24:7-84
37-->src\main\AndroidManifest.xml:24:17-81
38        <activity
38-->[com.google.android.gms:play-services-auth:17.0.0] AndroidManifest.xml:23:9-27:75
39            android:name="com.google.android.gms.auth.api.signin.internal.SignInHubActivity"
39-->[com.google.android.gms:play-services-auth:17.0.0] AndroidManifest.xml:24:13-93
40            android:excludeFromRecents="true"
40-->[com.google.android.gms:play-services-auth:17.0.0] AndroidManifest.xml:25:13-46
41            android:exported="false"
41-->[com.google.android.gms:play-services-auth:17.0.0] AndroidManifest.xml:26:13-37
42            android:theme="@android:style/Theme.Translucent.NoTitleBar" />
42-->[com.google.android.gms:play-services-auth:17.0.0] AndroidManifest.xml:27:13-72
43        <!--
44            Service handling Google Sign-In user revocation. For apps that do not integrate with
45            Google Sign-In, this service will never be started.
46        -->
47        <service
47-->[com.google.android.gms:play-services-auth:17.0.0] AndroidManifest.xml:33:9-36:110
48            android:name="com.google.android.gms.auth.api.signin.RevocationBoundService"
48-->[com.google.android.gms:play-services-auth:17.0.0] AndroidManifest.xml:34:13-89
49            android:exported="true"
49-->[com.google.android.gms:play-services-auth:17.0.0] AndroidManifest.xml:35:13-36
50            android:permission="com.google.android.gms.auth.api.signin.permission.REVOCATION_NOTIFICATION" />
50-->[com.google.android.gms:play-services-auth:17.0.0] AndroidManifest.xml:36:13-107
51
52        <activity
52-->[com.google.firebase:firebase-auth:19.1.0] AndroidManifest.xml:24:9-31:50
53            android:name="com.google.firebase.auth.internal.FederatedSignInActivity"
53-->[com.google.firebase:firebase-auth:19.1.0] AndroidManifest.xml:25:13-85
54            android:excludeFromRecents="true"
54-->[com.google.firebase:firebase-auth:19.1.0] AndroidManifest.xml:26:13-46
55            android:exported="true"
55-->[com.google.firebase:firebase-auth:19.1.0] AndroidManifest.xml:27:13-36
56            android:launchMode="singleTask"
56-->[com.google.firebase:firebase-auth:19.1.0] AndroidManifest.xml:28:13-44
57            android:permission="com.google.firebase.auth.api.gms.permission.LAUNCH_FEDERATED_SIGN_IN"
57-->[com.google.firebase:firebase-auth:19.1.0] AndroidManifest.xml:29:13-102
58            android:theme="@android:style/Theme.Translucent.NoTitleBar" />
58-->[com.google.firebase:firebase-auth:19.1.0] AndroidManifest.xml:30:13-72
59
60        <service
60-->[com.google.firebase:firebase-auth:19.1.0] AndroidManifest.xml:33:9-39:19
61            android:name="com.google.firebase.components.ComponentDiscoveryService"
61-->[com.google.firebase:firebase-auth:19.1.0] AndroidManifest.xml:34:13-84
62            android:directBootAware="true"
62-->[com.google.firebase:firebase-common:19.2.0] AndroidManifest.xml:15:13-43
63            android:exported="false" >
63-->[com.google.firebase:firebase-auth:19.1.0] AndroidManifest.xml:35:13-37
64            <meta-data
64-->[com.google.firebase:firebase-auth:19.1.0] AndroidManifest.xml:36:13-38:85
65                android:name="com.google.firebase.components:com.google.firebase.auth.FirebaseAuthRegistrar"
65-->[com.google.firebase:firebase-auth:19.1.0] AndroidManifest.xml:37:17-109
66                android:value="com.google.firebase.components.ComponentRegistrar" />
66-->[com.google.firebase:firebase-auth:19.1.0] AndroidManifest.xml:38:17-82
67            <meta-data
67-->[com.google.firebase:firebase-database:19.2.0] AndroidManifest.xml:32:13-34:85
68                android:name="com.google.firebase.components:com.google.firebase.database.DatabaseRegistrar"
68-->[com.google.firebase:firebase-database:19.2.0] AndroidManifest.xml:33:17-109
69                android:value="com.google.firebase.components.ComponentRegistrar" />
69-->[com.google.firebase:firebase-database:19.2.0] AndroidManifest.xml:34:17-82
70            <meta-data
70-->[com.google.android.gms:play-services-measurement-api:17.2.1] AndroidManifest.xml:30:13-32:85
71                android:name="com.google.firebase.components:com.google.firebase.analytics.connector.internal.AnalyticsConnectorRegistrar"
71-->[com.google.android.gms:play-services-measurement-api:17.2.1] AndroidManifest.xml:31:17-139
72                android:value="com.google.firebase.components.ComponentRegistrar" />
72-->[com.google.android.gms:play-services-measurement-api:17.2.1] AndroidManifest.xml:32:17-82
73            <meta-data
73-->[com.google.firebase:firebase-iid:19.0.0] AndroidManifest.xml:32:13-34:85
74                android:name="com.google.firebase.components:com.google.firebase.iid.Registrar"
74-->[com.google.firebase:firebase-iid:19.0.0] AndroidManifest.xml:33:17-96
75                android:value="com.google.firebase.components.ComponentRegistrar" />
75-->[com.google.firebase:firebase-iid:19.0.0] AndroidManifest.xml:34:17-82
76        </service>
77
78        <receiver
78-->[com.google.firebase:firebase-iid:19.0.0] AndroidManifest.xml:37:9-44:20
79            android:name="com.google.firebase.iid.FirebaseInstanceIdReceiver"
79-->[com.google.firebase:firebase-iid:19.0.0] AndroidManifest.xml:38:13-78
80            android:exported="true"
80-->[com.google.firebase:firebase-iid:19.0.0] AndroidManifest.xml:39:13-36
81            android:permission="com.google.android.c2dm.permission.SEND" >
81-->[com.google.firebase:firebase-iid:19.0.0] AndroidManifest.xml:40:13-73
82            <intent-filter>
82-->[com.google.firebase:firebase-iid:19.0.0] AndroidManifest.xml:41:13-43:29
83                <action android:name="com.google.android.c2dm.intent.RECEIVE" />
83-->[com.google.firebase:firebase-iid:19.0.0] AndroidManifest.xml:42:17-81
83-->[com.google.firebase:firebase-iid:19.0.0] AndroidManifest.xml:42:25-78
84            </intent-filter>
85        </receiver>
86
87        <activity
87-->[com.google.android.gms:play-services-base:17.1.0] AndroidManifest.xml:23:9-26:75
88            android:name="com.google.android.gms.common.api.GoogleApiActivity"
88-->[com.google.android.gms:play-services-base:17.1.0] AndroidManifest.xml:24:13-79
89            android:exported="false"
89-->[com.google.android.gms:play-services-base:17.1.0] AndroidManifest.xml:25:13-37
90            android:theme="@android:style/Theme.Translucent.NoTitleBar" />
90-->[com.google.android.gms:play-services-base:17.1.0] AndroidManifest.xml:26:13-72
91
92        <provider
92-->[com.google.firebase:firebase-common:19.2.0] AndroidManifest.xml:19:9-23:39
93            android:name="com.google.firebase.provider.FirebaseInitProvider"
93-->[com.google.firebase:firebase-common:19.2.0] AndroidManifest.xml:20:13-77
94            android:authorities="com.emojiapp.firebaseinitprovider"
94-->[com.google.firebase:firebase-common:19.2.0] AndroidManifest.xml:21:13-72
95            android:exported="false"
95-->[com.google.firebase:firebase-common:19.2.0] AndroidManifest.xml:22:13-37
96            android:initOrder="100" />
96-->[com.google.firebase:firebase-common:19.2.0] AndroidManifest.xml:23:13-36
97
98        <receiver
98-->[com.google.android.gms:play-services-measurement:17.2.1] AndroidManifest.xml:29:9-33:20
99            android:name="com.google.android.gms.measurement.AppMeasurementReceiver"
99-->[com.google.android.gms:play-services-measurement:17.2.1] AndroidManifest.xml:30:13-85
100            android:enabled="true"
100-->[com.google.android.gms:play-services-measurement:17.2.1] AndroidManifest.xml:31:13-35
101            android:exported="false" >
101-->[com.google.android.gms:play-services-measurement:17.2.1] AndroidManifest.xml:32:13-37
102        </receiver>
103        <receiver
103-->[com.google.android.gms:play-services-measurement:17.2.1] AndroidManifest.xml:34:9-42:20
104            android:name="com.google.android.gms.measurement.AppMeasurementInstallReferrerReceiver"
104-->[com.google.android.gms:play-services-measurement:17.2.1] AndroidManifest.xml:35:13-100
105            android:enabled="true"
105-->[com.google.android.gms:play-services-measurement:17.2.1] AndroidManifest.xml:36:13-35
106            android:exported="true"
106-->[com.google.android.gms:play-services-measurement:17.2.1] AndroidManifest.xml:37:13-36
107            android:permission="android.permission.INSTALL_PACKAGES" >
107-->[com.google.android.gms:play-services-measurement:17.2.1] AndroidManifest.xml:38:13-69
108            <intent-filter>
108-->[com.google.android.gms:play-services-measurement:17.2.1] AndroidManifest.xml:39:13-41:29
109                <action android:name="com.android.vending.INSTALL_REFERRER" />
109-->[com.google.android.gms:play-services-measurement:17.2.1] AndroidManifest.xml:40:17-79
109-->[com.google.android.gms:play-services-measurement:17.2.1] AndroidManifest.xml:40:25-76
110            </intent-filter>
111        </receiver>
112
113        <service
113-->[com.google.android.gms:play-services-measurement:17.2.1] AndroidManifest.xml:44:9-47:40
114            android:name="com.google.android.gms.measurement.AppMeasurementService"
114-->[com.google.android.gms:play-services-measurement:17.2.1] AndroidManifest.xml:45:13-84
115            android:enabled="true"
115-->[com.google.android.gms:play-services-measurement:17.2.1] AndroidManifest.xml:46:13-35
116            android:exported="false" />
116-->[com.google.android.gms:play-services-measurement:17.2.1] AndroidManifest.xml:47:13-37
117        <service
117-->[com.google.android.gms:play-services-measurement:17.2.1] AndroidManifest.xml:48:9-52:72
118            android:name="com.google.android.gms.measurement.AppMeasurementJobService"
118-->[com.google.android.gms:play-services-measurement:17.2.1] AndroidManifest.xml:49:13-87
119            android:enabled="true"
119-->[com.google.android.gms:play-services-measurement:17.2.1] AndroidManifest.xml:50:13-35
120            android:exported="false"
120-->[com.google.android.gms:play-services-measurement:17.2.1] AndroidManifest.xml:51:13-37
121            android:permission="android.permission.BIND_JOB_SERVICE" />
121-->[com.google.android.gms:play-services-measurement:17.2.1] AndroidManifest.xml:52:13-69
122
123        <meta-data
123-->[com.google.android.gms:play-services-basement:17.0.0] AndroidManifest.xml:23:9-25:69
124            android:name="com.google.android.gms.version"
124-->[com.google.android.gms:play-services-basement:17.0.0] AndroidManifest.xml:24:13-58
125            android:value="@integer/google_play_services_version" />
125-->[com.google.android.gms:play-services-basement:17.0.0] AndroidManifest.xml:25:13-66
126    </application>
127
128</manifest>